[0521/143345.334:ERROR:scoped_process_suspend.cc(30)] NtSuspendProcess: An attempt was made to access an exiting process.  (0xc000010a)
[0521/143345.556:ERROR:process_info.cc(116)] ReadProcessMemory bool __cdecl crashpad::`anonymous-namespace'::ReadStruct<struct crashpad::process_types::PEB<struct crashpad::process_types::internal::Traits64>>(void *,unsigned __int64,struct crashpad::process_types::PEB<struct crashpad::process_types::internal::Traits64> *): Only part of a ReadProcessMemory or WriteProcessMemory request was completed. (0x12B)
[0521/143345.556:ERROR:process_info.cc(559)] ReadProcessData failed
[0521/143345.556:ERROR:process_reader_win.cc(233)] ReadMemory at 0x7ffb6d962968 of 12 bytes failed: Only part of a ReadProcessMemory or WriteProcessMemory request was completed. (0x12B)
[0521/143345.556:WARNING:process_snapshot_win.cc(68)] ReadMemory ExceptionInformation failed
[0521/143345.556:WARNING:crash_report_exception_handler.cc(60)] ProcessSnapshotWin::Initialize failed
[0521/143345.379:ERROR:process_reader_win.cc(114)] NtOpenThread: {Access Denied} A process has requested access to an object, but has not been granted those access rights.  (0xc0000022)
[0521/143345.556:ERROR:exception_snapshot_win.cc(87)] thread ID 14560 not found in process
[0521/143345.557:WARNING:crash_report_exception_handler.cc(60)] ProcessSnapshotWin::Initialize failed
[0521/143345.690:ERROR:process_reader_win.cc(114)] NtOpenThread: {Access Denied} A process has requested access to an object, but has not been granted those access rights.  (0xc0000022)
[0521/143345.692:ERROR:exception_snapshot_win.cc(87)] thread ID 14968 not found in process
[0521/143345.692:WARNING:crash_report_exception_handler.cc(60)] ProcessSnapshotWin::Initialize failed
[0521/145709.674:ERROR:process_reader_win.cc(114)] NtOpenThread: {Access Denied} A process has requested access to an object, but has not been granted those access rights.  (0xc0000022)
[0521/145709.674:ERROR:process_reader_win.cc(114)] NtOpenThread: {Access Denied} A process has requested access to an object, but has not been granted those access rights.  (0xc0000022)
[0521/145709.674:ERROR:process_reader_win.cc(114)] NtOpenThread: {Access Denied} A process has requested access to an object, but has not been granted those access rights.  (0xc0000022)
[0521/145709.675:ERROR:exception_snapshot_win.cc(87)] thread ID 9228 not found in process
[0521/145709.675:ERROR:exception_snapshot_win.cc(87)] thread ID 1140 not found in process
[0521/145709.675:ERROR:exception_snapshot_win.cc(87)] thread ID 9788 not found in process
[0521/145709.675:WARNING:crash_report_exception_handler.cc(60)] ProcessSnapshotWin::Initialize failed
[0521/145709.675:WARNING:crash_report_exception_handler.cc(60)] ProcessSnapshotWin::Initialize failed
[0521/145709.675:WARNING:crash_report_exception_handler.cc(60)] ProcessSnapshotWin::Initialize failed
[0521/150016.990:ERROR:process_reader_win.cc(114)] NtOpenThread: {Access Denied} A process has requested access to an object, but has not been granted those access rights.  (0xc0000022)
[0521/150016.990:ERROR:process_reader_win.cc(114)] NtOpenThread: {Access Denied} A process has requested access to an object, but has not been granted those access rights.  (0xc0000022)
[0521/150016.992:ERROR:exception_snapshot_win.cc(87)] thread ID 14940 not found in process
[0521/150016.992:WARNING:crash_report_exception_handler.cc(60)] ProcessSnapshotWin::Initialize failed
[0521/150016.991:ERROR:exception_snapshot_win.cc(87)] thread ID 15636 not found in process
[0521/150016.992:WARNING:crash_report_exception_handler.cc(60)] ProcessSnapshotWin::Initialize failed
[0521/150016.994:ERROR:process_reader_win.cc(114)] NtOpenThread: {Access Denied} A process has requested access to an object, but has not been granted those access rights.  (0xc0000022)
[0521/150016.995:ERROR:exception_snapshot_win.cc(87)] thread ID 15944 not found in process
[0521/150016.995:WARNING:crash_report_exception_handler.cc(60)] ProcessSnapshotWin::Initialize failed
